[ 2017-02-22T09:43:04+08:00 ] 192.168.3.52 /index.php/Index/index.html
INFO: [ app_init ] --START--
INFO: Run Behavior\BuildLiteBehavior [ RunTime:0.000012s ]
INFO: [ app_init ] --END-- [ RunTime:0.001502s ]
INFO: [ app_begin ] --START--
INFO: Run Behavior\ReadHtmlCacheBehavior [ RunTime:0.001925s ]
INFO: [ app_begin ] --END-- [ RunTime:0.001978s ]
INFO: [ action_begin ] --START--
SQL: SHOW COLUMNS FROM `newfjs_admin_auth_rule` [ RunTime:0.0018s ]
SQL: SELECT * FROM `newfjs_admin_auth_rule` WHERE `menu_name` = 'Index/index' AND `status` = 1 LIMIT 1   [ RunTime:0.0012s ]
INFO: Run Admin\Behaviors\OptionRecordBehavior [ RunTime:0.030032s ]
INFO: [ action_begin ] --END-- [ RunTime:0.030065s ]

[ 2017-02-22T09:43:05+08:00 ] 192.168.3.52 /index.php/Login/login.html
INFO: [ app_init ] --START--
INFO: Run Behavior\BuildLiteBehavior [ RunTime:0.000013s ]
INFO: [ app_init ] --END-- [ RunTime:0.001418s ]
INFO: [ app_begin ] --START--
INFO: Run Behavior\ReadHtmlCacheBehavior [ RunTime:0.001913s ]
INFO: [ app_begin ] --END-- [ RunTime:0.001949s ]
INFO: [ action_begin ] --START--
SQL: SHOW COLUMNS FROM `newfjs_admin_auth_rule` [ RunTime:0.0015s ]
SQL: SELECT * FROM `newfjs_admin_auth_rule` WHERE `menu_name` = 'Login/login' AND `status` = 1 LIMIT 1   [ RunTime:0.0013s ]
INFO: Run Admin\Behaviors\OptionRecordBehavior [ RunTime:0.032317s ]
INFO: [ action_begin ] --END-- [ RunTime:0.032368s ]
INFO: [ view_parse ] --START--
INFO: [ template_filter ] --START--
INFO: Run Behavior\ContentReplaceBehavior [ RunTime:0.000030s ]
INFO: [ template_filter ] --END-- [ RunTime:0.000077s ]
INFO: Run Behavior\ParseTemplateBehavior [ RunTime:0.021417s ]
INFO: [ view_parse ] --END-- [ RunTime:0.021470s ]
INFO: [ view_filter ] --START--
INFO: Run Behavior\WriteHtmlCacheBehavior [ RunTime:0.002225s ]
INFO: [ view_filter ] --END-- [ RunTime:0.002272s ]
INFO: [ app_end ] --START--
INFO: Run Behavior\ShowPageTraceBehavior [ RunTime:0.005303s ]
INFO: [ app_end ] --END-- [ RunTime:0.005405s ]

[ 2017-02-22T09:43:05+08:00 ] 192.168.3.52 /Public/Images/login-bg-1.jpg
INFO: [ app_init ] --START--
INFO: Run Behavior\BuildLiteBehavior [ RunTime:0.000019s ]
INFO: [ app_init ] --END-- [ RunTime:0.002085s ]

[ 2017-02-22T09:43:05+08:00 ] 192.168.3.52 /index.php/Login/verify.html
INFO: [ app_init ] --START--
INFO: Run Behavior\BuildLiteBehavior [ RunTime:0.000014s ]
INFO: [ app_init ] --END-- [ RunTime:0.002856s ]
INFO: [ app_begin ] --START--
INFO: Run Behavior\ReadHtmlCacheBehavior [ RunTime:0.003515s ]
INFO: [ app_begin ] --END-- [ RunTime:0.003571s ]
INFO: [ action_begin ] --START--
SQL: SHOW COLUMNS FROM `newfjs_admin_auth_rule` [ RunTime:0.0016s ]
SQL: SELECT * FROM `newfjs_admin_auth_rule` WHERE `menu_name` = 'Login/verify' AND `status` = 1 LIMIT 1   [ RunTime:0.0012s ]
INFO: Run Admin\Behaviors\OptionRecordBehavior [ RunTime:0.032467s ]
INFO: [ action_begin ] --END-- [ RunTime:0.032503s ]
INFO: [ app_end ] --START--
INFO: Run Behavior\ShowPageTraceBehavior [ RunTime:0.002507s ]
INFO: [ app_end ] --END-- [ RunTime:0.002564s ]

[ 2017-02-22T09:43:06+08:00 ] 192.168.3.52 /index.php/Login/login.html
INFO: [ app_init ] --START--
INFO: Run Behavior\BuildLiteBehavior [ RunTime:0.000012s ]
INFO: [ app_init ] --END-- [ RunTime:0.001418s ]
INFO: [ app_begin ] --START--
INFO: Run Behavior\ReadHtmlCacheBehavior [ RunTime:0.002059s ]
INFO: [ app_begin ] --END-- [ RunTime:0.002168s ]
INFO: [ action_begin ] --START--
SQL: SHOW COLUMNS FROM `newfjs_admin_auth_rule` [ RunTime:0.0016s ]
SQL: SELECT * FROM `newfjs_admin_auth_rule` WHERE `menu_name` = 'Login/login' AND `status` = 1 LIMIT 1   [ RunTime:0.0013s ]
INFO: Run Admin\Behaviors\OptionRecordBehavior [ RunTime:0.030275s ]
INFO: [ action_begin ] --END-- [ RunTime:0.030294s ]
INFO: [ view_parse ] --START--
INFO: [ template_filter ] --START--
INFO: Run Behavior\ContentReplaceBehavior [ RunTime:0.000028s ]
INFO: [ template_filter ] --END-- [ RunTime:0.000067s ]
INFO: Run Behavior\ParseTemplateBehavior [ RunTime:0.017437s ]
INFO: [ view_parse ] --END-- [ RunTime:0.017467s ]
INFO: [ view_filter ] --START--
INFO: Run Behavior\WriteHtmlCacheBehavior [ RunTime:0.001575s ]
INFO: [ view_filter ] --END-- [ RunTime:0.001597s ]
INFO: [ app_end ] --START--
INFO: Run Behavior\ShowPageTraceBehavior [ RunTime:0.001876s ]
INFO: [ app_end ] --END-- [ RunTime:0.001900s ]

[ 2017-02-22T09:43:06+08:00 ] 192.168.3.52 /Public/Images/login-bg-1.jpg
INFO: [ app_init ] --START--
INFO: Run Behavior\BuildLiteBehavior [ RunTime:0.000030s ]
INFO: [ app_init ] --END-- [ RunTime:0.001589s ]

[ 2017-02-22T09:43:07+08:00 ] 192.168.3.52 /index.php/Login/verify.html
INFO: [ app_init ] --START--
INFO: Run Behavior\BuildLiteBehavior [ RunTime:0.000017s ]
INFO: [ app_init ] --END-- [ RunTime:0.002105s ]
INFO: [ app_begin ] --START--
INFO: Run Behavior\ReadHtmlCacheBehavior [ RunTime:0.003036s ]
INFO: [ app_begin ] --END-- [ RunTime:0.003086s ]
INFO: [ action_begin ] --START--
SQL: SHOW COLUMNS FROM `newfjs_admin_auth_rule` [ RunTime:0.0016s ]
SQL: SELECT * FROM `newfjs_admin_auth_rule` WHERE `menu_name` = 'Login/verify' AND `status` = 1 LIMIT 1   [ RunTime:0.0013s ]
INFO: Run Admin\Behaviors\OptionRecordBehavior [ RunTime:0.037618s ]
INFO: [ action_begin ] --END-- [ RunTime:0.037725s ]
INFO: [ app_end ] --START--
INFO: Run Behavior\ShowPageTraceBehavior [ RunTime:0.002221s ]
INFO: [ app_end ] --END-- [ RunTime:0.002271s ]

[ 2017-02-22T09:43:10+08:00 ] 192.168.3.52 /index.php/Login/verify.html?0.4531932250635695
INFO: [ app_init ] --START--
INFO: Run Behavior\BuildLiteBehavior [ RunTime:0.000011s ]
INFO: [ app_init ] --END-- [ RunTime:0.001353s ]
INFO: [ app_begin ] --START--
INFO: Run Behavior\ReadHtmlCacheBehavior [ RunTime:0.001848s ]
INFO: [ app_begin ] --END-- [ RunTime:0.001879s ]
INFO: [ action_begin ] --START--
SQL: SHOW COLUMNS FROM `newfjs_admin_auth_rule` [ RunTime:0.0015s ]
SQL: SELECT * FROM `newfjs_admin_auth_rule` WHERE `menu_name` = 'Login/verify' AND `status` = 1 LIMIT 1   [ RunTime:0.0013s ]
INFO: Run Admin\Behaviors\OptionRecordBehavior [ RunTime:0.029701s ]
INFO: [ action_begin ] --END-- [ RunTime:0.029730s ]
INFO: [ app_end ] --START--
INFO: Run Behavior\ShowPageTraceBehavior [ RunTime:0.002114s ]
INFO: [ app_end ] --END-- [ RunTime:0.002151s ]

[ 2017-02-22T09:43:11+08:00 ] 192.168.3.52 /index.php/Login/verify.html?0.4531932250635695?0.6594973113170439
INFO: [ app_init ] --START--
INFO: Run Behavior\BuildLiteBehavior [ RunTime:0.000011s ]
INFO: [ app_init ] --END-- [ RunTime:0.001294s ]
INFO: [ app_begin ] --START--
INFO: Run Behavior\ReadHtmlCacheBehavior [ RunTime:0.002580s ]
INFO: [ app_begin ] --END-- [ RunTime:0.002612s ]
INFO: [ action_begin ] --START--
SQL: SHOW COLUMNS FROM `newfjs_admin_auth_rule` [ RunTime:0.0015s ]
SQL: SELECT * FROM `newfjs_admin_auth_rule` WHERE `menu_name` = 'Login/verify' AND `status` = 1 LIMIT 1   [ RunTime:0.0014s ]
INFO: Run Admin\Behaviors\OptionRecordBehavior [ RunTime:0.028001s ]
INFO: [ action_begin ] --END-- [ RunTime:0.028027s ]
INFO: [ app_end ] --START--
INFO: Run Behavior\ShowPageTraceBehavior [ RunTime:0.002552s ]
INFO: [ app_end ] --END-- [ RunTime:0.002599s ]

[ 2017-02-22T11:35:45+08:00 ] 192.168.3.52 /index.php/Login/doLogin.html
INFO: [ app_init ] --START--
INFO: Run Behavior\BuildLiteBehavior [ RunTime:0.000011s ]
INFO: [ app_init ] --END-- [ RunTime:0.000960s ]
INFO: [ app_begin ] --START--
INFO: Run Behavior\ReadHtmlCacheBehavior [ RunTime:0.002122s ]
INFO: [ app_begin ] --END-- [ RunTime:0.002165s ]
INFO: [ action_begin ] --START--
SQL: SHOW COLUMNS FROM `newfjs_admin_auth_rule` [ RunTime:0.0017s ]
SQL: SELECT * FROM `newfjs_admin_auth_rule` WHERE `menu_name` = 'Login/doLogin' AND `status` = 1 LIMIT 1   [ RunTime:0.0005s ]
INFO: Run Admin\Behaviors\OptionRecordBehavior [ RunTime:0.029802s ]
INFO: [ action_begin ] --END-- [ RunTime:0.029829s ]

[ 2017-02-22T11:35:45+08:00 ] 192.168.3.52 /index.php/Login/verify.html?0.4531932250635695?0.6594973113170439?0.971866102417599
INFO: [ app_init ] --START--
INFO: Run Behavior\BuildLiteBehavior [ RunTime:0.000013s ]
INFO: [ app_init ] --END-- [ RunTime:0.001374s ]
INFO: [ app_begin ] --START--
INFO: Run Behavior\ReadHtmlCacheBehavior [ RunTime:0.001684s ]
INFO: [ app_begin ] --END-- [ RunTime:0.001728s ]
INFO: [ action_begin ] --START--
SQL: SHOW COLUMNS FROM `newfjs_admin_auth_rule` [ RunTime:0.0016s ]
SQL: SELECT * FROM `newfjs_admin_auth_rule` WHERE `menu_name` = 'Login/verify' AND `status` = 1 LIMIT 1   [ RunTime:0.0012s ]
INFO: Run Admin\Behaviors\OptionRecordBehavior [ RunTime:0.029564s ]
INFO: [ action_begin ] --END-- [ RunTime:0.029592s ]
INFO: [ app_end ] --START--
INFO: Run Behavior\ShowPageTraceBehavior [ RunTime:0.002281s ]
INFO: [ app_end ] --END-- [ RunTime:0.002315s ]

[ 2017-02-22T11:35:53+08:00 ] 192.168.3.52 /index.php/Login/doLogin.html
INFO: [ app_init ] --START--
INFO: Run Behavior\BuildLiteBehavior [ RunTime:0.000012s ]
INFO: [ app_init ] --END-- [ RunTime:0.000889s ]
INFO: [ app_begin ] --START--
INFO: Run Behavior\ReadHtmlCacheBehavior [ RunTime:0.002589s ]
INFO: [ app_begin ] --END-- [ RunTime:0.002633s ]
INFO: [ action_begin ] --START--
SQL: SHOW COLUMNS FROM `newfjs_admin_auth_rule` [ RunTime:0.0013s ]
SQL: SELECT * FROM `newfjs_admin_auth_rule` WHERE `menu_name` = 'Login/doLogin' AND `status` = 1 LIMIT 1   [ RunTime:0.0012s ]
INFO: Run Admin\Behaviors\OptionRecordBehavior [ RunTime:0.029879s ]
INFO: [ action_begin ] --END-- [ RunTime:0.029905s ]
SQL: SHOW COLUMNS FROM `newfjs_admin_user` [ RunTime:0.0014s ]
SQL: SELECT * FROM `newfjs_admin_user` WHERE `user_name` = 'admin' AND `password` = 'e10adc3949ba59abbe56e057f20f883e' AND `status` = 1 LIMIT 1   [ RunTime:0.0013s ]
SQL: UPDATE `newfjs_admin_user` SET `lastlogin_time`='1487734553' WHERE `id` = 15 [ RunTime:0.0011s ]

[ 2017-02-22T11:35:53+08:00 ] 192.168.3.52 /index.php/Index/index.html
INFO: [ app_init ] --START--
INFO: Run Behavior\BuildLiteBehavior [ RunTime:0.000013s ]
INFO: [ app_init ] --END-- [ RunTime:0.001577s ]
INFO: [ app_begin ] --START--
INFO: Run Behavior\ReadHtmlCacheBehavior [ RunTime:0.001938s ]
INFO: [ app_begin ] --END-- [ RunTime:0.001973s ]
INFO: [ action_begin ] --START--
SQL: SHOW COLUMNS FROM `newfjs_admin_auth_rule` [ RunTime:0.0017s ]
SQL: SELECT * FROM `newfjs_admin_auth_rule` WHERE `menu_name` = 'Index/index' AND `status` = 1 LIMIT 1   [ RunTime:0.0013s ]
INFO: Run Admin\Behaviors\OptionRecordBehavior [ RunTime:0.028796s ]
INFO: [ action_begin ] --END-- [ RunTime:0.028824s ]
SQL: SHOW COLUMNS FROM `newfjs_admin_auth_group_access` [ RunTime:0.0012s ]
SQL: SELECT b.rules FROM newfjs_admin_auth_group_access a LEFT JOIN newfjs_admin_auth_group b ON b.id=a.group_id  WHERE a.uid = '15'  [ RunTime:0.0005s ]
SQL: SHOW COLUMNS FROM `newfjs_admin_auth_rule` [ RunTime:0.0014s ]
SQL: SELECT * FROM `newfjs_admin_auth_rule` WHERE `id` IN ('2','36','38','40','42','37','39','41','43','44','14','21','24','25','26','27','22','28','29','30','31','23','32','33','34','35') AND `is_menu` = 1 AND `status` = 1  [ RunTime:0.0014s ]
INFO: [ view_parse ] --START--
INFO: [ template_filter ] --START--
INFO: Run Behavior\ContentReplaceBehavior [ RunTime:0.000000s ]
INFO: [ template_filter ] --END-- [ RunTime:0.000000s ]
INFO: Run Behavior\ParseTemplateBehavior [ RunTime:0.023174s ]
INFO: [ view_parse ] --END-- [ RunTime:0.023207s ]
INFO: [ view_filter ] --START--
INFO: Run Behavior\WriteHtmlCacheBehavior [ RunTime:0.001751s ]
INFO: [ view_filter ] --END-- [ RunTime:0.001775s ]
INFO: [ app_end ] --START--
INFO: Run Behavior\ShowPageTraceBehavior [ RunTime:0.001538s ]
INFO: [ app_end ] --END-- [ RunTime:0.001563s ]

[ 2017-02-22T11:35:53+08:00 ] 192.168.3.52 /index.php/Index/main.html
INFO: [ app_init ] --START--
INFO: Run Behavior\BuildLiteBehavior [ RunTime:0.000016s ]
INFO: [ app_init ] --END-- [ RunTime:0.001667s ]
INFO: [ app_begin ] --START--
INFO: Run Behavior\ReadHtmlCacheBehavior [ RunTime:0.001732s ]
INFO: [ app_begin ] --END-- [ RunTime:0.001747s ]
INFO: [ action_begin ] --START--
SQL: SHOW COLUMNS FROM `newfjs_admin_auth_rule` [ RunTime:0.0018s ]
SQL: SELECT * FROM `newfjs_admin_auth_rule` WHERE `menu_name` = 'Index/main' AND `status` = 1 LIMIT 1   [ RunTime:0.0012s ]
INFO: Run Admin\Behaviors\OptionRecordBehavior [ RunTime:0.031055s ]
INFO: [ action_begin ] --END-- [ RunTime:0.031097s ]
INFO: [ view_parse ] --START--
INFO: [ template_filter ] --START--
INFO: Run Behavior\ContentReplaceBehavior [ RunTime:0.000000s ]
INFO: [ template_filter ] --END-- [ RunTime:0.000001s ]
INFO: Run Behavior\ParseTemplateBehavior [ RunTime:0.019387s ]
INFO: [ view_parse ] --END-- [ RunTime:0.019432s ]
INFO: [ view_filter ] --START--
INFO: Run Behavior\WriteHtmlCacheBehavior [ RunTime:0.001719s ]
INFO: [ view_filter ] --END-- [ RunTime:0.001747s ]
INFO: [ app_end ] --START--
INFO: Run Behavior\ShowPageTraceBehavior [ RunTime:0.002716s ]
INFO: [ app_end ] --END-- [ RunTime:0.002750s ]

